2019-10-13 02:29:15 PM  INFO alt---[           main] .b.t.c.SpringBootTestContextBootstrapper : Neither @ContextConfiguration nor @ContextHierarchy found for test class [com.firozaltaf.FirozAltafAppTests], using SpringBootContextLoader
2019-10-13 02:29:15 PM  INFO alt---[           main] o.s.t.c.s.AbstractContextLoader          : Could not detect default resource locations for test class [com.firozaltaf.FirozAltafAppTests]: no resource found for suffixes {-context.xml, Context.groovy}.
2019-10-13 02:29:15 PM  INFO alt---[           main] t.c.s.AnnotationConfigContextLoaderUtils : Could not detect default configuration classes for test class [com.firozaltaf.FirozAltafAppTests]: FirozAltafAppTests does not declare any static, non-private, non-final, nested classes annotated with @Configuration.
2019-10-13 02:29:15 PM  INFO alt---[           main] .b.t.c.SpringBootTestContextBootstrapper : Found @SpringBootConfiguration com.firozaltaf.FirozAltafApp for test class com.firozaltaf.FirozAltafAppTests
2019-10-13 02:29:15 PM  INFO alt---[           main] .b.t.c.SpringBootTestContextBootstrapper : Loaded default TestExecutionListener class names from location [META-INF/spring.factories]: [org.springframework.boot.test.mock.mockito.MockitoTestExecutionListener, org.springframework.boot.test.mock.mockito.ResetMocksTestExecutionListener, org.springframework.boot.test.autoconfigure.restdocs.RestDocsTestExecutionListener, org.springframework.boot.test.autoconfigure.web.client.MockRestServiceServerResetTestExecutionListener, org.springframework.boot.test.autoconfigure.web.servlet.MockMvcPrintOnlyOnFailureTestExecutionListener, org.springframework.boot.test.autoconfigure.web.servlet.WebDriverTestExecutionListener, org.springframework.test.context.web.ServletTestExecutionListener, org.springframework.test.context.support.DirtiesContextBeforeModesTestExecutionListener, org.springframework.test.context.support.DependencyInjectionTestExecutionListener, org.springframework.test.context.support.DirtiesContextTestExecutionListener, org.springframework.test.context.transaction.TransactionalTestExecutionListener, org.springframework.test.context.jdbc.SqlScriptsTestExecutionListener]
2019-10-13 02:29:15 PM  INFO alt---[           main] .b.t.c.SpringBootTestContextBootstrapper : Using TestExecutionListeners: [org.springframework.test.context.web.ServletTestExecutionListener@c430e6c, org.springframework.test.context.support.DirtiesContextBeforeModesTestExecutionListener@312aa7c, org.springframework.boot.test.mock.mockito.MockitoTestExecutionListener@536f2a7e, org.springframework.boot.test.autoconfigure.SpringBootDependencyInjectionTestExecutionListener@72bc6553, org.springframework.test.context.support.DirtiesContextTestExecutionListener@66982506, org.springframework.test.context.transaction.TransactionalTestExecutionListener@70cf32e3, org.springframework.test.context.jdbc.SqlScriptsTestExecutionListener@5a59ca5e, org.springframework.boot.test.mock.mockito.ResetMocksTestExecutionListener@4bdeaabb, org.springframework.boot.test.autoconfigure.restdocs.RestDocsTestExecutionListener@6c4906d3, org.springframework.boot.test.autoconfigure.web.client.MockRestServiceServerResetTestExecutionListener@65987993, org.springframework.boot.test.autoconfigure.web.servlet.MockMvcPrintOnlyOnFailureTestExecutionListener@71075444, org.springframework.boot.test.autoconfigure.web.servlet.WebDriverTestExecutionListener@4f32a3ad]
2019-10-13 02:29:16 PM  WARN alt---[           main] ory$DuplicateJsonObjectContextCustomizer : 

Found multiple occurrences of org.json.JSONObject on the class path:

	jar:file:/home/alt/.m2/repository/org/json/json/20190722/json-20190722.jar!/org/json/JSONObject.class
	jar:file:/home/alt/.m2/repository/com/vaadin/external/google/android-json/0.0.20131108.vaadin1/android-json-0.0.20131108.vaadin1.jar!/org/json/JSONObject.class

You may wish to exclude one of them to ensure predictable runtime behavior

2019-10-13 02:29:16 PM  INFO alt---[           main] c.f.FirozAltafAppTests                   : Starting FirozAltafAppTests on alt with PID 32376 (started by alt in /home/alt/New Workspace/FirozAltaf)
2019-10-13 02:29:16 PM  INFO alt---[           main] c.f.FirozAltafAppTests                   : No active profile set, falling back to default profiles: default
2019-10-13 02:29:16 PM  INFO alt---[           main] .s.d.r.c.RepositoryConfigurationDelegate : Bootstrapping Spring Data repositories in DEFAULT mode.
2019-10-13 02:29:16 PM  INFO alt---[           main] .s.d.r.c.RepositoryConfigurationDelegate : Finished Spring Data repository scanning in 78ms. Found 6 repository interfaces.
2019-10-13 02:29:17 PM  INFO alt---[           main] o.m.d.cluster                            : Cluster created with settings {hosts=[localhost:27017], mode=MULTIPLE, requiredClusterType=UNKNOWN, serverSelectionTimeout='30000 ms', maxWaitQueueSize=500}
2019-10-13 02:29:17 PM  INFO alt---[           main] o.m.d.cluster                            : Adding discovered server localhost:27017 to client view of cluster
2019-10-13 02:29:17 PM  INFO alt---[localhost:27017] o.m.d.connection                         : Opened connection [connectionId{localValue:1, serverValue:34}] to localhost:27017
2019-10-13 02:29:17 PM  INFO alt---[localhost:27017] o.m.d.cluster                            : Monitor thread successfully connected to server with description ServerDescription{address=localhost:27017, type=STANDALONE, state=CONNECTED, ok=true, version=ServerVersion{versionList=[4, 0, 6]}, minWireVersion=0, maxWireVersion=7, maxDocumentSize=16777216, logicalSessionTimeoutMinutes=30, roundTripTimeNanos=2518958}
2019-10-13 02:29:17 PM  INFO alt---[localhost:27017] o.m.d.cluster                            : Discovered cluster type of STANDALONE
2019-10-13 02:29:17 PM  WARN alt---[           main] o.s.d.c.CustomConversions                : Registering converter from class java.time.LocalDateTime to class java.time.Instant as reading converter although it doesn't convert from a store-supported type! You might wanna check you annotation setup at the converter implementation.
2019-10-13 02:29:17 PM  WARN alt---[           main] o.s.d.c.CustomConversions                : Registering converter from class java.time.Instant to class java.time.LocalDateTime as reading converter although it doesn't convert from a store-supported type! You might wanna check you annotation setup at the converter implementation.
2019-10-13 02:29:18 PM  WARN alt---[           main] o.s.d.c.CustomConversions                : Registering converter from class java.time.LocalDateTime to class java.time.Instant as reading converter although it doesn't convert from a store-supported type! You might wanna check you annotation setup at the converter implementation.
2019-10-13 02:29:18 PM  WARN alt---[           main] o.s.d.c.CustomConversions                : Registering converter from class java.time.Instant to class java.time.LocalDateTime as reading converter although it doesn't convert from a store-supported type! You might wanna check you annotation setup at the converter implementation.
2019-10-13 02:29:18 PM  INFO alt---[           main] o.s.s.c.ThreadPoolTaskExecutor           : Initializing ExecutorService 'applicationTaskExecutor'
2019-10-13 02:29:19 PM  INFO alt---[           main] c.f.FirozAltafAppTests                   : Started FirozAltafAppTests in 3.151 seconds (JVM running for 4.303)
2019-10-13 02:29:19 PM  INFO alt---[       Thread-3] o.s.s.c.ThreadPoolTaskExecutor           : Shutting down ExecutorService 'applicationTaskExecutor'
